2023-07-23 10:07:724 INFO  HomePage :53 - Enter locationHarrowto location field [[ChromeDriver: chrome on windows (d4608e31844f527b51b64dfb083d6cce)] -> xpath: //input[@id='location']]
2023-07-23 10:07:818 INFO  HomePage :59 - Select Distance up to 5 milesfrom distance field [[ChromeDriver: chrome on windows (d4608e31844f527b51b64dfb083d6cce)] -> xpath: //select[@id='distance']]
2023-07-23 10:07:896 INFO  HomePage :65 - Click on search option link[[ChromeDriver: chrome on windows (d4608e31844f527b51b64dfb083d6cce)] -> xpath: //button[@id='toggle-hp-search']]
2023-07-23 10:07:08 INFO  HomePage :71 - Enter min salary 30000to salary field [[ChromeDriver: chrome on windows (d4608e31844f527b51b64dfb083d6cce)] -> xpath: //input[@id='salarymin']]
2023-07-23 10:07:135 INFO  HomePage :77 - Enter Max salary500000to salary field [[ChromeDriver: chrome on windows (d4608e31844f527b51b64dfb083d6cce)] -> xpath: //input[@id='salarymax']]
2023-07-23 10:07:214 INFO  HomePage :83 - Select salary typePer annumfrom dropdown [[ChromeDriver: chrome on windows (d4608e31844f527b51b64dfb083d6cce)] -> xpath: //select[@id='salarytype']]
2023-07-23 10:07:331 INFO  HomePage :89 - Select job title Permanentfrom dropdown [[ChromeDriver: chrome on windows (d4608e31844f527b51b64dfb083d6cce)] -> xpath: //select[@id='tempperm']]
2023-07-23 10:07:390 INFO  HomePage :95 - Click on find job button [[ChromeDriver: chrome on windows (d4608e31844f527b51b64dfb083d6cce)] -> xpath: //input[@id='hp-search-btn']]
2023-07-23 10:07:738 INFO  HomePage :53 - Enter locationReadingto location field [[ChromeDriver: chrome on windows (6d33904234e6f3b055b0d1e3f1868ae4)] -> xpath: //input[@id='location']]
2023-07-23 10:07:829 INFO  HomePage :59 - Select Distance up to 2 milesfrom distance field [[ChromeDriver: chrome on windows (6d33904234e6f3b055b0d1e3f1868ae4)] -> xpath: //select[@id='distance']]
2023-07-23 10:07:896 INFO  HomePage :65 - Click on search option link[[ChromeDriver: chrome on windows (6d33904234e6f3b055b0d1e3f1868ae4)] -> xpath: //button[@id='toggle-hp-search']]
2023-07-23 10:07:984 INFO  HomePage :71 - Enter min salary 40000to salary field [[ChromeDriver: chrome on windows (6d33904234e6f3b055b0d1e3f1868ae4)] -> xpath: //input[@id='salarymin']]
2023-07-23 10:07:98 INFO  HomePage :77 - Enter Max salary600000to salary field [[ChromeDriver: chrome on windows (6d33904234e6f3b055b0d1e3f1868ae4)] -> xpath: //input[@id='salarymax']]
2023-07-23 10:07:187 INFO  HomePage :83 - Select salary typePer dayfrom dropdown [[ChromeDriver: chrome on windows (6d33904234e6f3b055b0d1e3f1868ae4)] -> xpath: //select[@id='salarytype']]
2023-07-23 10:07:292 INFO  HomePage :89 - Select job title Contractfrom dropdown [[ChromeDriver: chrome on windows (6d33904234e6f3b055b0d1e3f1868ae4)] -> xpath: //select[@id='tempperm']]
2023-07-23 10:07:350 INFO  HomePage :95 - Click on find job button [[ChromeDriver: chrome on windows (6d33904234e6f3b055b0d1e3f1868ae4)] -> xpath: //input[@id='hp-search-btn']]
2023-07-23 10:07:606 INFO  HomePage :53 - Enter locationManchesterto location field [[ChromeDriver: chrome on windows (c9c5b59db89a72a742fa07308dab721a)] -> xpath: //input[@id='location']]
2023-07-23 10:07:686 INFO  HomePage :59 - Select Distance up to 7 milesfrom distance field [[ChromeDriver: chrome on windows (c9c5b59db89a72a742fa07308dab721a)] -> xpath: //select[@id='distance']]
2023-07-23 10:07:759 INFO  HomePage :65 - Click on search option link[[ChromeDriver: chrome on windows (c9c5b59db89a72a742fa07308dab721a)] -> xpath: //button[@id='toggle-hp-search']]
2023-07-23 10:07:848 INFO  HomePage :71 - Enter min salary 45000to salary field [[ChromeDriver: chrome on windows (c9c5b59db89a72a742fa07308dab721a)] -> xpath: //input[@id='salarymin']]
2023-07-23 10:07:947 INFO  HomePage :77 - Enter Max salary650000to salary field [[ChromeDriver: chrome on windows (c9c5b59db89a72a742fa07308dab721a)] -> xpath: //input[@id='salarymax']]
2023-07-23 10:07:50 INFO  HomePage :83 - Select salary typePer monthfrom dropdown [[ChromeDriver: chrome on windows (c9c5b59db89a72a742fa07308dab721a)] -> xpath: //select[@id='salarytype']]
2023-07-23 10:07:152 INFO  HomePage :89 - Select job title Permanentfrom dropdown [[ChromeDriver: chrome on windows (c9c5b59db89a72a742fa07308dab721a)] -> xpath: //select[@id='tempperm']]
2023-07-23 10:07:214 INFO  HomePage :95 - Click on find job button [[ChromeDriver: chrome on windows (c9c5b59db89a72a742fa07308dab721a)] -> xpath: //input[@id='hp-search-btn']]
2023-07-23 10:07:550 INFO  HomePage :53 - Enter locationLutonto location field [[ChromeDriver: chrome on windows (09c2a7c97739b363e6bd3ab32e11f9f5)] -> xpath: //input[@id='location']]
2023-07-23 10:07:653 INFO  HomePage :59 - Select Distance up to 15 milesfrom distance field [[ChromeDriver: chrome on windows (09c2a7c97739b363e6bd3ab32e11f9f5)] -> xpath: //select[@id='distance']]
2023-07-23 10:07:718 INFO  HomePage :65 - Click on search option link[[ChromeDriver: chrome on windows (09c2a7c97739b363e6bd3ab32e11f9f5)] -> xpath: //button[@id='toggle-hp-search']]
2023-07-23 10:07:827 INFO  HomePage :71 - Enter min salary 35000to salary field [[ChromeDriver: chrome on windows (09c2a7c97739b363e6bd3ab32e11f9f5)] -> xpath: //input[@id='salarymin']]
2023-07-23 10:07:916 INFO  HomePage :77 - Enter Max salary600000to salary field [[ChromeDriver: chrome on windows (09c2a7c97739b363e6bd3ab32e11f9f5)] -> xpath: //input[@id='salarymax']]
2023-07-23 10:07:05 INFO  HomePage :83 - Select salary typePer weekfrom dropdown [[ChromeDriver: chrome on windows (09c2a7c97739b363e6bd3ab32e11f9f5)] -> xpath: //select[@id='salarytype']]
2023-07-23 10:07:109 INFO  HomePage :89 - Select job title Part Timefrom dropdown [[ChromeDriver: chrome on windows (09c2a7c97739b363e6bd3ab32e11f9f5)] -> xpath: //select[@id='tempperm']]
2023-07-23 10:07:167 INFO  HomePage :95 - Click on find job button [[ChromeDriver: chrome on windows (09c2a7c97739b363e6bd3ab32e11f9f5)] -> xpath: //input[@id='hp-search-btn']]
2023-07-23 10:07:163 INFO  HomePage :53 - Enter locationLondonto location field [[ChromeDriver: chrome on windows (8b3a0c1079c59091884c6db5a8d1fca9)] -> xpath: //input[@id='location']]
2023-07-23 10:07:263 INFO  HomePage :59 - Select Distance up to 10 milesfrom distance field [[ChromeDriver: chrome on windows (8b3a0c1079c59091884c6db5a8d1fca9)] -> xpath: //select[@id='distance']]
2023-07-23 10:07:337 INFO  HomePage :65 - Click on search option link[[ChromeDriver: chrome on windows (8b3a0c1079c59091884c6db5a8d1fca9)] -> xpath: //button[@id='toggle-hp-search']]
2023-07-23 10:07:421 INFO  HomePage :71 - Enter min salary 45000to salary field [[ChromeDriver: chrome on windows (8b3a0c1079c59091884c6db5a8d1fca9)] -> xpath: //input[@id='salarymin']]
2023-07-23 10:07:519 INFO  HomePage :77 - Enter Max salary650000to salary field [[ChromeDriver: chrome on windows (8b3a0c1079c59091884c6db5a8d1fca9)] -> xpath: //input[@id='salarymax']]
2023-07-23 10:07:616 INFO  HomePage :83 - Select salary typePer dayfrom dropdown [[ChromeDriver: chrome on windows (8b3a0c1079c59091884c6db5a8d1fca9)] -> xpath: //select[@id='salarytype']]
2023-07-23 10:07:724 INFO  HomePage :89 - Select job title Contractfrom dropdown [[ChromeDriver: chrome on windows (8b3a0c1079c59091884c6db5a8d1fca9)] -> xpath: //select[@id='tempperm']]
2023-07-23 10:07:783 INFO  HomePage :95 - Click on find job button [[ChromeDriver: chrome on windows (8b3a0c1079c59091884c6db5a8d1fca9)] -> xpath: //input[@id='hp-search-btn']]
2023-07-23 10:07:490 INFO  HomePage :53 - Enter locationLeedsto location field [[ChromeDriver: chrome on windows (91b8668116093dd8b6588b386760e07f)] -> xpath: //input[@id='location']]
2023-07-23 10:07:574 INFO  HomePage :59 - Select Distance up to 5 milesfrom distance field [[ChromeDriver: chrome on windows (91b8668116093dd8b6588b386760e07f)] -> xpath: //select[@id='distance']]
2023-07-23 10:07:646 INFO  HomePage :65 - Click on search option link[[ChromeDriver: chrome on windows (91b8668116093dd8b6588b386760e07f)] -> xpath: //button[@id='toggle-hp-search']]
2023-07-23 10:07:948 INFO  HomePage :71 - Enter min salary 40000to salary field [[ChromeDriver: chrome on windows (91b8668116093dd8b6588b386760e07f)] -> xpath: //input[@id='salarymin']]
2023-07-23 10:07:58 INFO  HomePage :77 - Enter Max salary600000to salary field [[ChromeDriver: chrome on windows (91b8668116093dd8b6588b386760e07f)] -> xpath: //input[@id='salarymax']]
2023-07-23 10:07:149 INFO  HomePage :83 - Select salary typePer annumfrom dropdown [[ChromeDriver: chrome on windows (91b8668116093dd8b6588b386760e07f)] -> xpath: //select[@id='salarytype']]
2023-07-23 10:07:258 INFO  HomePage :89 - Select job title Permanentfrom dropdown [[ChromeDriver: chrome on windows (91b8668116093dd8b6588b386760e07f)] -> xpath: //select[@id='tempperm']]
2023-07-23 10:07:317 INFO  HomePage :95 - Click on find job button [[ChromeDriver: chrome on windows (91b8668116093dd8b6588b386760e07f)] -> xpath: //input[@id='hp-search-btn']]
2023-07-23 10:07:367 INFO  HomePage :53 - Enter locationHarrowto location field [[ChromeDriver: chrome on windows (790118253dfaab4995df88f92955d39d)] -> xpath: //input[@id='location']]
2023-07-23 10:07:446 INFO  HomePage :59 - Select Distance up to 5 milesfrom distance field [[ChromeDriver: chrome on windows (790118253dfaab4995df88f92955d39d)] -> xpath: //select[@id='distance']]
2023-07-23 10:07:521 INFO  HomePage :65 - Click on search option link[[ChromeDriver: chrome on windows (790118253dfaab4995df88f92955d39d)] -> xpath: //button[@id='toggle-hp-search']]
2023-07-23 10:07:610 INFO  HomePage :71 - Enter min salary 30000to salary field [[ChromeDriver: chrome on windows (790118253dfaab4995df88f92955d39d)] -> xpath: //input[@id='salarymin']]
2023-07-23 10:07:717 INFO  HomePage :77 - Enter Max salary500000to salary field [[ChromeDriver: chrome on windows (790118253dfaab4995df88f92955d39d)] -> xpath: //input[@id='salarymax']]
2023-07-23 10:07:812 INFO  HomePage :83 - Select salary typePer annumfrom dropdown [[ChromeDriver: chrome on windows (790118253dfaab4995df88f92955d39d)] -> xpath: //select[@id='salarytype']]
2023-07-23 10:07:928 INFO  HomePage :89 - Select job title Permanentfrom dropdown [[ChromeDriver: chrome on windows (790118253dfaab4995df88f92955d39d)] -> xpath: //select[@id='tempperm']]
2023-07-23 10:07:995 INFO  HomePage :95 - Click on find job button [[ChromeDriver: chrome on windows (790118253dfaab4995df88f92955d39d)] -> xpath: //input[@id='hp-search-btn']]
2023-07-23 10:07:718 INFO  HomePage :53 - Enter locationReadingto location field [[ChromeDriver: chrome on windows (2a4313a5314088be01f7309f33c6e90b)] -> xpath: //input[@id='location']]
2023-07-23 10:07:842 INFO  HomePage :59 - Select Distance up to 2 milesfrom distance field [[ChromeDriver: chrome on windows (2a4313a5314088be01f7309f33c6e90b)] -> xpath: //select[@id='distance']]
2023-07-23 10:07:911 INFO  HomePage :65 - Click on search option link[[ChromeDriver: chrome on windows (2a4313a5314088be01f7309f33c6e90b)] -> xpath: //button[@id='toggle-hp-search']]
2023-07-23 10:07:981 INFO  HomePage :71 - Enter min salary 40000to salary field [[ChromeDriver: chrome on windows (2a4313a5314088be01f7309f33c6e90b)] -> xpath: //input[@id='salarymin']]
2023-07-23 10:07:81 INFO  HomePage :77 - Enter Max salary600000to salary field [[ChromeDriver: chrome on windows (2a4313a5314088be01f7309f33c6e90b)] -> xpath: //input[@id='salarymax']]
2023-07-23 10:07:180 INFO  HomePage :83 - Select salary typePer dayfrom dropdown [[ChromeDriver: chrome on windows (2a4313a5314088be01f7309f33c6e90b)] -> xpath: //select[@id='salarytype']]
2023-07-23 10:07:292 INFO  HomePage :89 - Select job title Contractfrom dropdown [[ChromeDriver: chrome on windows (2a4313a5314088be01f7309f33c6e90b)] -> xpath: //select[@id='tempperm']]
2023-07-23 10:07:353 INFO  HomePage :95 - Click on find job button [[ChromeDriver: chrome on windows (2a4313a5314088be01f7309f33c6e90b)] -> xpath: //input[@id='hp-search-btn']]
2023-07-23 10:07:591 INFO  HomePage :53 - Enter locationManchesterto location field [[ChromeDriver: chrome on windows (80eaf0b9e2f635473ac6840d4027ec8d)] -> xpath: //input[@id='location']]
2023-07-23 10:07:705 INFO  HomePage :59 - Select Distance up to 7 milesfrom distance field [[ChromeDriver: chrome on windows (80eaf0b9e2f635473ac6840d4027ec8d)] -> xpath: //select[@id='distance']]
2023-07-23 10:07:774 INFO  HomePage :65 - Click on search option link[[ChromeDriver: chrome on windows (80eaf0b9e2f635473ac6840d4027ec8d)] -> xpath: //button[@id='toggle-hp-search']]
2023-07-23 10:07:855 INFO  HomePage :71 - Enter min salary 45000to salary field [[ChromeDriver: chrome on windows (80eaf0b9e2f635473ac6840d4027ec8d)] -> xpath: //input[@id='salarymin']]
2023-07-23 10:07:962 INFO  HomePage :77 - Enter Max salary650000to salary field [[ChromeDriver: chrome on windows (80eaf0b9e2f635473ac6840d4027ec8d)] -> xpath: //input[@id='salarymax']]
2023-07-23 10:07:57 INFO  HomePage :83 - Select salary typePer monthfrom dropdown [[ChromeDriver: chrome on windows (80eaf0b9e2f635473ac6840d4027ec8d)] -> xpath: //select[@id='salarytype']]
2023-07-23 10:07:163 INFO  HomePage :89 - Select job title Permanentfrom dropdown [[ChromeDriver: chrome on windows (80eaf0b9e2f635473ac6840d4027ec8d)] -> xpath: //select[@id='tempperm']]
2023-07-23 10:07:221 INFO  HomePage :95 - Click on find job button [[ChromeDriver: chrome on windows (80eaf0b9e2f635473ac6840d4027ec8d)] -> xpath: //input[@id='hp-search-btn']]
2023-07-23 10:07:949 INFO  HomePage :53 - Enter locationLutonto location field [[ChromeDriver: chrome on windows (88a65e5d156fc3efdffd848ca523c820)] -> xpath: //input[@id='location']]
2023-07-23 10:07:35 INFO  HomePage :59 - Select Distance up to 15 milesfrom distance field [[ChromeDriver: chrome on windows (88a65e5d156fc3efdffd848ca523c820)] -> xpath: //select[@id='distance']]
2023-07-23 10:07:108 INFO  HomePage :65 - Click on search option link[[ChromeDriver: chrome on windows (88a65e5d156fc3efdffd848ca523c820)] -> xpath: //button[@id='toggle-hp-search']]
2023-07-23 10:07:188 INFO  HomePage :71 - Enter min salary 35000to salary field [[ChromeDriver: chrome on windows (88a65e5d156fc3efdffd848ca523c820)] -> xpath: //input[@id='salarymin']]
2023-07-23 10:07:278 INFO  HomePage :77 - Enter Max salary600000to salary field [[ChromeDriver: chrome on windows (88a65e5d156fc3efdffd848ca523c820)] -> xpath: //input[@id='salarymax']]
2023-07-23 10:07:370 INFO  HomePage :83 - Select salary typePer weekfrom dropdown [[ChromeDriver: chrome on windows (88a65e5d156fc3efdffd848ca523c820)] -> xpath: //select[@id='salarytype']]
2023-07-23 10:07:475 INFO  HomePage :89 - Select job title Part Timefrom dropdown [[ChromeDriver: chrome on windows (88a65e5d156fc3efdffd848ca523c820)] -> xpath: //select[@id='tempperm']]
2023-07-23 10:07:539 INFO  HomePage :95 - Click on find job button [[ChromeDriver: chrome on windows (88a65e5d156fc3efdffd848ca523c820)] -> xpath: //input[@id='hp-search-btn']]
2023-07-23 10:07:297 INFO  HomePage :53 - Enter locationLondonto location field [[ChromeDriver: chrome on windows (15d3968c74f4ed1a66ecfb7dee34d7e1)] -> xpath: //input[@id='location']]
2023-07-23 10:07:383 INFO  HomePage :59 - Select Distance up to 10 milesfrom distance field [[ChromeDriver: chrome on windows (15d3968c74f4ed1a66ecfb7dee34d7e1)] -> xpath: //select[@id='distance']]
2023-07-23 10:07:457 INFO  HomePage :65 - Click on search option link[[ChromeDriver: chrome on windows (15d3968c74f4ed1a66ecfb7dee34d7e1)] -> xpath: //button[@id='toggle-hp-search']]
2023-07-23 10:07:536 INFO  HomePage :71 - Enter min salary 45000to salary field [[ChromeDriver: chrome on windows (15d3968c74f4ed1a66ecfb7dee34d7e1)] -> xpath: //input[@id='salarymin']]
2023-07-23 10:07:654 INFO  HomePage :77 - Enter Max salary650000to salary field [[ChromeDriver: chrome on windows (15d3968c74f4ed1a66ecfb7dee34d7e1)] -> xpath: //input[@id='salarymax']]
2023-07-23 10:07:746 INFO  HomePage :83 - Select salary typePer dayfrom dropdown [[ChromeDriver: chrome on windows (15d3968c74f4ed1a66ecfb7dee34d7e1)] -> xpath: //select[@id='salarytype']]
2023-07-23 10:07:857 INFO  HomePage :89 - Select job title Contractfrom dropdown [[ChromeDriver: chrome on windows (15d3968c74f4ed1a66ecfb7dee34d7e1)] -> xpath: //select[@id='tempperm']]
2023-07-23 10:07:920 INFO  HomePage :95 - Click on find job button [[ChromeDriver: chrome on windows (15d3968c74f4ed1a66ecfb7dee34d7e1)] -> xpath: //input[@id='hp-search-btn']]
2023-07-23 10:07:920 INFO  HomePage :53 - Enter locationLeedsto location field [[ChromeDriver: chrome on windows (08c068386dce5da0cf01ea416845a101)] -> xpath: //input[@id='location']]
2023-07-23 10:07:01 INFO  HomePage :59 - Select Distance up to 5 milesfrom distance field [[ChromeDriver: chrome on windows (08c068386dce5da0cf01ea416845a101)] -> xpath: //select[@id='distance']]
2023-07-23 10:07:72 INFO  HomePage :65 - Click on search option link[[ChromeDriver: chrome on windows (08c068386dce5da0cf01ea416845a101)] -> xpath: //button[@id='toggle-hp-search']]
2023-07-23 10:07:367 INFO  HomePage :71 - Enter min salary 40000to salary field [[ChromeDriver: chrome on windows (08c068386dce5da0cf01ea416845a101)] -> xpath: //input[@id='salarymin']]
2023-07-23 10:07:472 INFO  HomePage :77 - Enter Max salary600000to salary field [[ChromeDriver: chrome on windows (08c068386dce5da0cf01ea416845a101)] -> xpath: //input[@id='salarymax']]
2023-07-23 10:07:573 INFO  HomePage :83 - Select salary typePer annumfrom dropdown [[ChromeDriver: chrome on windows (08c068386dce5da0cf01ea416845a101)] -> xpath: //select[@id='salarytype']]
2023-07-23 10:07:679 INFO  HomePage :89 - Select job title Permanentfrom dropdown [[ChromeDriver: chrome on windows (08c068386dce5da0cf01ea416845a101)] -> xpath: //select[@id='tempperm']]
2023-07-23 10:07:736 INFO  HomePage :95 - Click on find job button [[ChromeDriver: chrome on windows (08c068386dce5da0cf01ea416845a101)] -> xpath: //input[@id='hp-search-btn']]
